------------------------------------------------------------------------------------------------------------------------

[2022-08-19 13:09:22 #1 store] 
Database '/home/momo/Documents/Semester 2/COS326/databaseCourse2/Practical 1/Source/prac1/db/studentDatabase.odb' is opened by 4029@VivoBookMomo

[2022-08-19 13:09:22 #2 store] 
Configuration path: ?

[2022-08-19 13:10:23 #3 store] 
Database '/home/momo/Documents/Semester 2/COS326/databaseCourse2/Practical 1/Source/prac1/db/studentDatabase.odb' is closed by 4029@VivoBookMomo

[2022-08-19 13:10:23 #4 store] 
Database '/home/momo/eclipse-workspace/prac1/db/studentDatabase.odb' is opened by 4029@VivoBookMomo

[2022-08-19 13:10:23 #5 store] 
Configuration path: ?

[2022-08-19 13:10:37 #6 store] 
Database '/home/momo/eclipse-workspace/prac1/db/studentDatabase.odb' is closed by 4029@VivoBookMomo

[2022-08-19 13:10:37 #7 store] 
Database '/home/momo/eclipse-workspace/prac1/db/studentDataBase.odb' is opened by 4029@VivoBookMomo

[2022-08-19 13:10:37 #8 store] 
Configuration path: ?

[2022-08-19 13:10:44 #9 store] 
Database '/home/momo/eclipse-workspace/prac1/db/studentDataBase.odb' is closed by 4029@VivoBookMomo

[2022-08-19 13:10:51 #10 store] 
Database '/home/momo/eclipse-workspace/prac1/db/studentDatabase.odb' is opened by 4029@VivoBookMomo

[2022-08-19 13:10:51 #11 store] 
Configuration path: ?

[2022-08-19 13:11:26 #12 store] 
Database '/home/momo/eclipse-workspace/prac1/db/studentDatabase.odb' is closed by 4029@VivoBookMomo

[2022-08-19 13:11:26 #13 store] 
Database '/home/momo/eclipse-workspace/prac1/db/studentDatabase.odb' is opened by 4029@VivoBookMomo

[2022-08-19 13:11:26 #14 store] 
Configuration path: ?

[2022-08-19 13:11:43 #15 store] 
Database '/home/momo/eclipse-workspace/prac1/db/studentDatabase.odb' is closed by 4029@VivoBookMomo

------------------------------------------------------------------------------------------------------------------------

[2022-08-19 13:13:26 #1 store] 
Database '/home/momo/Documents/Semester 2/COS326/databaseCourse2/Practical 1/Source/prac1/db/studentDatabase.odb' has been recovered (tr. 30-33)

[2022-08-19 13:13:26 #2 store] 
Database '/home/momo/Documents/Semester 2/COS326/databaseCourse2/Practical 1/Source/prac1/db/studentDatabase.odb' is opened by 4268@VivoBookMomo

[2022-08-19 13:13:26 #3 store] 
Configuration path: ?

[2022-08-19 13:13:50 #4 store] 
Database '/home/momo/Documents/Semester 2/COS326/databaseCourse2/Practical 1/Source/prac1/db/studentDatabase.odb' is closed by 4268@VivoBookMomo

[2022-08-19 13:13:51 #5 store] 
Database '/home/momo/Documents/Semester 2/COS326/databaseCourse2/Practical 1/Source/prac1/db/studentDatabase.odb' is opened by 4268@VivoBookMomo

[2022-08-19 13:13:51 #6 store] 
Configuration path: ?

[2022-08-19 13:15:01 #7 store] 
Database '/home/momo/Documents/Semester 2/COS326/databaseCourse2/Practical 1/Source/prac1/db/studentDatabase.odb' is closed by 4268@VivoBookMomo

------------------------------------------------------------------------------------------------------------------------

[2022-08-19 13:15:16 #1 store] 
Database '/home/momo/Documents/Semester 2/COS326/databaseCourse2/Practical 1/Source/prac1/db/studentDatabase.odb' is opened by 4431@VivoBookMomo

[2022-08-19 13:15:16 #2 store] 
Configuration path: ?

[2022-08-19 13:15:25 #3 store] 
Database '/home/momo/Documents/Semester 2/COS326/databaseCourse2/Practical 1/Source/prac1/db/studentDatabase.odb' is closed by 4431@VivoBookMomo

[2022-08-19 13:15:26 #4 store] 
Database '/home/momo/Documents/Semester 2/COS326/databaseCourse2/Practical 1/Source/prac1/db/studentDatabase.odb' is opened by 4431@VivoBookMomo

[2022-08-19 13:15:26 #5 store] 
Configuration path: ?

[2022-08-19 13:15:29 #6 store] 
Database '/home/momo/Documents/Semester 2/COS326/databaseCourse2/Practical 1/Source/prac1/db/studentDatabase.odb' is closed by 4431@VivoBookMomo

------------------------------------------------------------------------------------------------------------------------

[2022-08-19 13:15:55 #1 store] 
Database '/home/momo/Documents/Semester 2/COS326/databaseCourse2/Practical 1/Source/prac1/db/studentDatabase.odb' has been recovered (tr. 36-37)

[2022-08-19 13:15:55 #2 store] 
Database '/home/momo/Documents/Semester 2/COS326/databaseCourse2/Practical 1/Source/prac1/db/studentDatabase.odb' is opened by 4547@VivoBookMomo

[2022-08-19 13:15:55 #3 store] 
Configuration path: ?

[2022-08-19 13:16:00 #4 store] 
Database '/home/momo/Documents/Semester 2/COS326/databaseCourse2/Practical 1/Source/prac1/db/studentDatabase.odb' is closed by 4547@VivoBookMomo

------------------------------------------------------------------------------------------------------------------------

[2022-08-19 13:16:39 #1 store] 
Database '/home/momo/Documents/Semester 2/COS326/databaseCourse2/Practical 1/Source/prac1/db/studentDatabase.odb' has been recovered (tr. 38-40)

[2022-08-19 13:16:39 #2 store] 
Database '/home/momo/Documents/Semester 2/COS326/databaseCourse2/Practical 1/Source/prac1/db/studentDatabase.odb' is opened by 4661@VivoBookMomo

[2022-08-19 13:16:39 #3 store] 
Configuration path: ?

[2022-08-19 13:16:49 #4 store] 
Database '/home/momo/Documents/Semester 2/COS326/databaseCourse2/Practical 1/Source/prac1/db/studentDatabase.odb' is closed by 4661@VivoBookMomo

------------------------------------------------------------------------------------------------------------------------

[2022-08-19 13:17:55 #1 store] 
Database '/home/momo/Documents/Semester 2/COS326/databaseCourse2/Practical 1/Source/prac1/db/studentDatabase.odb' is opened by 4915@VivoBookMomo

[2022-08-19 13:17:55 #2 store] 
Configuration path: ?

[2022-08-19 13:18:18 #3 store] 
Database '/home/momo/Documents/Semester 2/COS326/databaseCourse2/Practical 1/Source/prac1/db/studentDatabase.odb' is closed by 4915@VivoBookMomo

------------------------------------------------------------------------------------------------------------------------

[2022-08-19 13:18:56 #1 store] 
Database '/home/momo/Documents/Semester 2/COS326/databaseCourse2/Practical 1/Source/prac1/db/studentDatabase.odb' has been recovered (tr. 42-44)

[2022-08-19 13:18:56 #2 store] 
Database '/home/momo/Documents/Semester 2/COS326/databaseCourse2/Practical 1/Source/prac1/db/studentDatabase.odb' is opened by 5038@VivoBookMomo

[2022-08-19 13:18:56 #3 store] 
Configuration path: ?

[2022-08-19 13:19:05 #4 store] 
Database '/home/momo/Documents/Semester 2/COS326/databaseCourse2/Practical 1/Source/prac1/db/studentDatabase.odb' is closed by 5038@VivoBookMomo

------------------------------------------------------------------------------------------------------------------------

[2022-08-19 13:19:51 #1 store] 
Database '/home/momo/Documents/Semester 2/COS326/databaseCourse2/Practical 1/Source/prac1/db/studentDatabase.odb' is opened by 5275@VivoBookMomo

[2022-08-19 13:19:52 #2 store] 
Configuration path: ?

[2022-08-19 13:20:03 #3 store] 
Database '/home/momo/Documents/Semester 2/COS326/databaseCourse2/Practical 1/Source/prac1/db/studentDatabase.odb' is closed by 5275@VivoBookMomo

------------------------------------------------------------------------------------------------------------------------

[2022-08-19 14:10:49 #1 explorer] 
[ObjectDB 2.8.7] javax.persistence.PersistenceException
Attempt to open a database file '/home/momo/Documents/Semester 2/COS326/databaseCourse2/Practical 1/Source/prac1/db/studentDatabase.odb' that is currently in use by another process (error 141)
	at com.objectdb.Explorer$1.run(Explorer.java:57)
	at java.desktop/java.awt.event.InvocationEvent.dispatch(InvocationEvent.java:318)
	at java.desktop/java.awt.EventQueue.dispatchEventImpl(EventQueue.java:773)
	at java.desktop/java.awt.EventQueue$4.run(EventQueue.java:720)
	at java.desktop/java.awt.EventQueue$4.run(EventQueue.java:714)
	at java.base/java.security.AccessController.doPrivileged(AccessController.java:399)
	at java.base/java.security.ProtectionDomain$JavaSecurityAccessImpl.doIntersectionPrivilege(ProtectionDomain.java:86)
	at java.desktop/java.awt.EventQueue.dispatchEvent(EventQueue.java:742)
	at java.desktop/java.awt.EventDispatchThread.pumpOneEventForFilters(EventDispatchThread.java:203)
	at java.desktop/java.awt.EventDispatchThread.pumpEventsForFilter(EventDispatchThread.java:124)
	at java.desktop/java.awt.EventDispatchThread.pumpEventsForHierarchy(EventDispatchThread.java:113)
	at java.desktop/java.awt.EventDispatchThread.pumpEvents(EventDispatchThread.java:109)
	at java.desktop/java.awt.EventDispatchThread.pumpEvents(EventDispatchThread.java:101)
	at java.desktop/java.awt.EventDispatchThread.run(EventDispatchThread.java:90)
Caused by: com.objectdb.o.UserException: Attempt to open a database file '/home/momo/Documents/Semester 2/COS326/databaseCourse2/Practical 1/Source/prac1/db/studentDatabase.odb' that is currently in use by another process
	at com.objectdb.o.MSG.a(MSG.java:64)
	at com.objectdb.o.LFL.J(LFL.java:947)
	at com.objectdb.o.LFL.x(LFL.java:904)
	at com.objectdb.o.LFL.x(LFL.java:814)
	at com.objectdb.o.DFL.<init>(DFL.java:241)
	at com.objectdb.o.DMG.<init>(DMG.java:27)
	at com.objectdb.o.MST.<init>(MST.java:127)
	at com.objectdb.o.MST.ap(MST.java:109)
	at com.objectdb.o.MSF.YQ(MSF.java:190)
	at com.objectdb.o.OMF.s(OMF.java:805)
	at com.objectdb.jpa.EMF.s(EMF.java:130)
	at com.objectdb.o.OMF.x(OMF.java:716)
	at com.objectdb.jpa.EMF.createEntityManager(EMF.java:149)
	... 16 more

------------------------------------------------------------------------------------------------------------------------

[2022-08-19 20:14:44 #1 store] 
Database '/home/momo/Documents/Semester 2/COS326/databaseCourse2/Practical 1/Source/prac1/db/studentDatabase.odb' is opened by 25416@VivoBookMomo

[2022-08-19 20:14:44 #2 store] 
Configuration path: ?

------------------------------------------------------------------------------------------------------------------------

[2022-08-19 20:14:45 #1 explorer] 
[ObjectDB 2.8.7] javax.persistence.PersistenceException
Attempt to open a database file '/home/momo/Documents/Semester 2/COS326/databaseCourse2/Practical 1/Source/prac1/db/studentDatabase.odb' that is currently in use by another process (error 141)
	at com.objectdb.Explorer$1.run(Explorer.java:57)
	at java.desktop/java.awt.event.InvocationEvent.dispatch(InvocationEvent.java:318)
	at java.desktop/java.awt.EventQueue.dispatchEventImpl(EventQueue.java:773)
	at java.desktop/java.awt.EventQueue$4.run(EventQueue.java:720)
	at java.desktop/java.awt.EventQueue$4.run(EventQueue.java:714)
	at java.base/java.security.AccessController.doPrivileged(AccessController.java:399)
	at java.base/java.security.ProtectionDomain$JavaSecurityAccessImpl.doIntersectionPrivilege(ProtectionDomain.java:86)
	at java.desktop/java.awt.EventQueue.dispatchEvent(EventQueue.java:742)
	at java.desktop/java.awt.EventDispatchThread.pumpOneEventForFilters(EventDispatchThread.java:203)
	at java.desktop/java.awt.EventDispatchThread.pumpEventsForFilter(EventDispatchThread.java:124)
	at java.desktop/java.awt.EventDispatchThread.pumpEventsForHierarchy(EventDispatchThread.java:113)
	at java.desktop/java.awt.EventDispatchThread.pumpEvents(EventDispatchThread.java:109)
	at java.desktop/java.awt.EventDispatchThread.pumpEvents(EventDispatchThread.java:101)
	at java.desktop/java.awt.EventDispatchThread.run(EventDispatchThread.java:90)
Caused by: com.objectdb.o.UserException: Attempt to open a database file '/home/momo/Documents/Semester 2/COS326/databaseCourse2/Practical 1/Source/prac1/db/studentDatabase.odb' that is currently in use by another process
	at com.objectdb.o.MSG.a(MSG.java:64)
	at com.objectdb.o.LFL.J(LFL.java:947)
	at com.objectdb.o.LFL.x(LFL.java:904)
	at com.objectdb.o.LFL.x(LFL.java:814)
	at com.objectdb.o.DFL.<init>(DFL.java:241)
	at com.objectdb.o.DMG.<init>(DMG.java:27)
	at com.objectdb.o.MST.<init>(MST.java:127)
	at com.objectdb.o.MST.ap(MST.java:109)
	at com.objectdb.o.MSF.YQ(MSF.java:190)
	at com.objectdb.o.OMF.s(OMF.java:805)
	at com.objectdb.jpa.EMF.s(EMF.java:130)
	at com.objectdb.o.OMF.x(OMF.java:716)
	at com.objectdb.jpa.EMF.createEntityManager(EMF.java:149)
	... 16 more

------------------------------------------------------------------------------------------------------------------------

[2022-08-19 20:14:49 #1 explorer] 
[ObjectDB 2.8.7] javax.persistence.PersistenceException
Attempt to open a database file '/home/momo/Documents/Semester 2/COS326/databaseCourse2/Practical 1/Source/prac1/db/studentDatabase.odb' that is currently in use by another process (error 141)
	at com.objectdb.Explorer$1.run(Explorer.java:57)
	at java.desktop/java.awt.event.InvocationEvent.dispatch(InvocationEvent.java:318)
	at java.desktop/java.awt.EventQueue.dispatchEventImpl(EventQueue.java:773)
	at java.desktop/java.awt.EventQueue$4.run(EventQueue.java:720)
	at java.desktop/java.awt.EventQueue$4.run(EventQueue.java:714)
	at java.base/java.security.AccessController.doPrivileged(AccessController.java:399)
	at java.base/java.security.ProtectionDomain$JavaSecurityAccessImpl.doIntersectionPrivilege(ProtectionDomain.java:86)
	at java.desktop/java.awt.EventQueue.dispatchEvent(EventQueue.java:742)
	at java.desktop/java.awt.EventDispatchThread.pumpOneEventForFilters(EventDispatchThread.java:203)
	at java.desktop/java.awt.EventDispatchThread.pumpEventsForFilter(EventDispatchThread.java:124)
	at java.desktop/java.awt.EventDispatchThread.pumpEventsForHierarchy(EventDispatchThread.java:113)
	at java.desktop/java.awt.EventDispatchThread.pumpEvents(EventDispatchThread.java:109)
	at java.desktop/java.awt.EventDispatchThread.pumpEvents(EventDispatchThread.java:101)
	at java.desktop/java.awt.EventDispatchThread.run(EventDispatchThread.java:90)
Caused by: com.objectdb.o.UserException: Attempt to open a database file '/home/momo/Documents/Semester 2/COS326/databaseCourse2/Practical 1/Source/prac1/db/studentDatabase.odb' that is currently in use by another process
	at com.objectdb.o.MSG.a(MSG.java:64)
	at com.objectdb.o.LFL.J(LFL.java:947)
	at com.objectdb.o.LFL.x(LFL.java:904)
	at com.objectdb.o.LFL.x(LFL.java:814)
	at com.objectdb.o.DFL.<init>(DFL.java:241)
	at com.objectdb.o.DMG.<init>(DMG.java:27)
	at com.objectdb.o.MST.<init>(MST.java:127)
	at com.objectdb.o.MST.ap(MST.java:109)
	at com.objectdb.o.MSF.YQ(MSF.java:190)
	at com.objectdb.o.OMF.s(OMF.java:805)
	at com.objectdb.jpa.EMF.s(EMF.java:130)
	at com.objectdb.o.OMF.x(OMF.java:716)
	at com.objectdb.jpa.EMF.createEntityManager(EMF.java:149)
	... 16 more

[2022-08-19 20:15:05 #3 store] 
Database '/home/momo/Documents/Semester 2/COS326/databaseCourse2/Practical 1/Source/prac1/db/studentDatabase.odb' is closed by 25416@VivoBookMomo

------------------------------------------------------------------------------------------------------------------------

[2022-08-19 20:20:07 #1 store] 
Database '/home/momo/Documents/Semester 2/COS326/databaseCourse2/Practical 1/Source/prac1/db/studentDatabase.odb' has been recovered (tr. 65-65)

[2022-08-19 20:20:07 #2 store] 
Database '/home/momo/Documents/Semester 2/COS326/databaseCourse2/Practical 1/Source/prac1/db/studentDatabase.odb' is opened by 26341@VivoBookMomo

[2022-08-19 20:20:07 #3 store] 
Configuration path: ?

[2022-08-19 20:20:22 #4 store] 
Database '/home/momo/Documents/Semester 2/COS326/databaseCourse2/Practical 1/Source/prac1/db/studentDatabase.odb' is closed by 26341@VivoBookMomo

------------------------------------------------------------------------------------------------------------------------

[2022-08-19 20:40:55 #1 store] 
Database '/home/momo/Documents/Semester 2/COS326/databaseCourse2/Practical 1/Source/prac1/db/studentDatabase.odb' has been recovered (tr. 71-71)

[2022-08-19 20:40:56 #2 store] 
Database '/home/momo/Documents/Semester 2/COS326/databaseCourse2/Practical 1/Source/prac1/db/studentDatabase.odb' is opened by 28034@VivoBookMomo

[2022-08-19 20:40:56 #3 store] 
Configuration path: ?

------------------------------------------------------------------------------------------------------------------------

[2022-08-19 20:40:57 #1 explorer] 
[ObjectDB 2.8.7] javax.persistence.PersistenceException
Attempt to open a database file '/home/momo/Documents/Semester 2/COS326/databaseCourse2/Practical 1/Source/prac1/db/studentDatabase.odb' that is currently in use by another process (error 141)
	at com.objectdb.Explorer$1.run(Explorer.java:57)
	at java.desktop/java.awt.event.InvocationEvent.dispatch(InvocationEvent.java:318)
	at java.desktop/java.awt.EventQueue.dispatchEventImpl(EventQueue.java:773)
	at java.desktop/java.awt.EventQueue$4.run(EventQueue.java:720)
	at java.desktop/java.awt.EventQueue$4.run(EventQueue.java:714)
	at java.base/java.security.AccessController.doPrivileged(AccessController.java:399)
	at java.base/java.security.ProtectionDomain$JavaSecurityAccessImpl.doIntersectionPrivilege(ProtectionDomain.java:86)
	at java.desktop/java.awt.EventQueue.dispatchEvent(EventQueue.java:742)
	at java.desktop/java.awt.EventDispatchThread.pumpOneEventForFilters(EventDispatchThread.java:203)
	at java.desktop/java.awt.EventDispatchThread.pumpEventsForFilter(EventDispatchThread.java:124)
	at java.desktop/java.awt.EventDispatchThread.pumpEventsForHierarchy(EventDispatchThread.java:113)
	at java.desktop/java.awt.EventDispatchThread.pumpEvents(EventDispatchThread.java:109)
	at java.desktop/java.awt.EventDispatchThread.pumpEvents(EventDispatchThread.java:101)
	at java.desktop/java.awt.EventDispatchThread.run(EventDispatchThread.java:90)
Caused by: com.objectdb.o.UserException: Attempt to open a database file '/home/momo/Documents/Semester 2/COS326/databaseCourse2/Practical 1/Source/prac1/db/studentDatabase.odb' that is currently in use by another process
	at com.objectdb.o.MSG.a(MSG.java:64)
	at com.objectdb.o.LFL.J(LFL.java:947)
	at com.objectdb.o.LFL.x(LFL.java:904)
	at com.objectdb.o.LFL.x(LFL.java:814)
	at com.objectdb.o.DFL.<init>(DFL.java:241)
	at com.objectdb.o.DMG.<init>(DMG.java:27)
	at com.objectdb.o.MST.<init>(MST.java:127)
	at com.objectdb.o.MST.ap(MST.java:109)
	at com.objectdb.o.MSF.YQ(MSF.java:190)
	at com.objectdb.o.OMF.s(OMF.java:805)
	at com.objectdb.jpa.EMF.s(EMF.java:130)
	at com.objectdb.o.OMF.x(OMF.java:716)
	at com.objectdb.jpa.EMF.createEntityManager(EMF.java:149)
	... 16 more

[2022-08-19 20:41:31 #4 store] 
Database '/home/momo/Documents/Semester 2/COS326/databaseCourse2/Practical 1/Source/prac1/db/studentDatabase.odb' is closed by 28034@VivoBookMomo

------------------------------------------------------------------------------------------------------------------------

[2022-08-19 20:43:16 #1 store] 
Database '/home/momo/Documents/Semester 2/COS326/databaseCourse2/Practical 1/Source/prac1/db/studentDatabase.odb' has been recovered (tr. 72-72)

[2022-08-19 20:43:16 #2 store] 
Database '/home/momo/Documents/Semester 2/COS326/databaseCourse2/Practical 1/Source/prac1/db/studentDatabase.odb' is opened by 28313@VivoBookMomo

[2022-08-19 20:43:16 #3 store] 
Configuration path: ?

[2022-08-19 20:52:40 #4 store] 
Database '/home/momo/Documents/Semester 2/COS326/databaseCourse2/Practical 1/Source/prac1/db/studentDatabase.odb' is closed by 28313@VivoBookMomo

