------------------------------------------------------------------------------------------------------------------------

[2022-08-12 04:15:24 #1 store] 
Database '/home/momo/eclipse-workspace/prac1/db/studentDataBase.odb' is opened by 20657@VivoBookMomo

[2022-08-12 04:15:24 #2 store] 
Configuration path: ?

------------------------------------------------------------------------------------------------------------------------

[2022-08-12 04:15:56 #1 store] 
Database '/home/momo/eclipse-workspace/prac1/db/studentDataBase.odb' is opened by 20729@VivoBookMomo

[2022-08-12 04:15:56 #2 store] 
Configuration path: ?

------------------------------------------------------------------------------------------------------------------------

[2022-08-12 04:16:25 #1 store] 
Database '/home/momo/eclipse-workspace/prac1/db/studentDataBase.odb' is opened by 20794@VivoBookMomo

[2022-08-12 04:16:25 #2 store] 
Configuration path: ?

[2022-08-12 04:16:25 #3 store] 
Database '/home/momo/eclipse-workspace/prac1/db/studentDataBase.odb' is closed by 20794@VivoBookMomo

------------------------------------------------------------------------------------------------------------------------

[2022-08-12 04:16:46 #1 store] 
Database '/home/momo/eclipse-workspace/prac1/db/studentDatabase.odb' is opened by 20858@VivoBookMomo

[2022-08-12 04:16:46 #2 store] 
Configuration path: ?

[2022-08-12 04:16:46 #3 store] 
Database '/home/momo/eclipse-workspace/prac1/db/studentDatabase.odb' is closed by 20858@VivoBookMomo

------------------------------------------------------------------------------------------------------------------------

[2022-08-12 04:25:19 #1 store] 
Database '/home/momo/eclipse-workspace/prac1/db/studentDatabase.odb' is opened by 22282@VivoBookMomo

[2022-08-12 04:25:19 #2 store] 
Configuration path: ?

------------------------------------------------------------------------------------------------------------------------

[2022-08-12 04:29:27 #1 store] 
Database '/home/momo/eclipse-workspace/prac1/db/studentDatabase.odb' has been recovered (tr. 1-4)

[2022-08-12 04:29:27 #2 store] 
Database '/home/momo/eclipse-workspace/prac1/db/studentDatabase.odb' is opened by 22655@VivoBookMomo

[2022-08-12 04:29:27 #3 store] 
Configuration path: ?

------------------------------------------------------------------------------------------------------------------------

[2022-08-12 04:30:40 #1 store] 
Database '/home/momo/eclipse-workspace/prac1/db/studentDatabase.odb' has been recovered (tr. 5-5)

[2022-08-12 04:30:41 #2 store] 
Database '/home/momo/eclipse-workspace/prac1/db/studentDatabase.odb' is opened by 22796@VivoBookMomo

[2022-08-12 04:30:41 #3 store] 
Configuration path: ?

------------------------------------------------------------------------------------------------------------------------

[2022-08-12 04:32:06 #1 store] 
Database '/home/momo/eclipse-workspace/prac1/db/studentDatabase.odb' is opened by 23057@VivoBookMomo

[2022-08-12 04:32:06 #2 store] 
Configuration path: ?

------------------------------------------------------------------------------------------------------------------------

[2022-08-12 04:40:23 #1 store] 
Database '/home/momo/eclipse-workspace/prac1/db/studentDatabase.odb' is opened by 23728@VivoBookMomo

[2022-08-12 04:40:23 #2 store] 
Configuration path: ?

------------------------------------------------------------------------------------------------------------------------

[2022-08-12 04:52:15 #1 store] 
Database '/home/momo/eclipse-workspace/prac1/db/studentDatabase.odb' is opened by 25290@VivoBookMomo

[2022-08-12 04:52:15 #2 store] 
Configuration path: ?

------------------------------------------------------------------------------------------------------------------------

[2022-08-12 04:55:58 #1 store] 
Database '/home/momo/eclipse-workspace/prac1/db/studentDatabase.odb' is opened by 25702@VivoBookMomo

[2022-08-12 04:55:58 #2 store] 
Configuration path: ?

------------------------------------------------------------------------------------------------------------------------

[2022-08-12 04:56:44 #1 store] 
Database '/home/momo/eclipse-workspace/prac1/db/studentDatabase.odb' is opened by 25797@VivoBookMomo

[2022-08-12 04:56:44 #2 store] 
Configuration path: ?

------------------------------------------------------------------------------------------------------------------------

[2022-08-12 04:57:09 #1 store] 
Database '/home/momo/eclipse-workspace/prac1/db/studentDatabase.odb' is opened by 25880@VivoBookMomo

[2022-08-12 04:57:09 #2 store] 
Configuration path: ?

------------------------------------------------------------------------------------------------------------------------

[2022-08-12 04:57:32 #1 store] 
Database '/home/momo/eclipse-workspace/prac1/db/studentDatabase.odb' is opened by 25950@VivoBookMomo

[2022-08-12 04:57:32 #2 store] 
Configuration path: ?

------------------------------------------------------------------------------------------------------------------------

[2022-08-12 04:58:33 #1 store] 
Database '/home/momo/eclipse-workspace/prac1/db/studentDatabase.odb' is opened by 26034@VivoBookMomo

[2022-08-12 04:58:33 #2 store] 
Configuration path: ?

------------------------------------------------------------------------------------------------------------------------

[2022-08-12 04:59:00 #1 store] 
Database '/home/momo/eclipse-workspace/prac1/db/studentDatabase.odb' is opened by 26105@VivoBookMomo

[2022-08-12 04:59:00 #2 store] 
Configuration path: ?

------------------------------------------------------------------------------------------------------------------------

[2022-08-12 04:59:10 #1 store] 
Database '/home/momo/eclipse-workspace/prac1/db/studentDatabase.odb' is opened by 26167@VivoBookMomo

[2022-08-12 04:59:10 #2 store] 
Configuration path: ?

------------------------------------------------------------------------------------------------------------------------

[2022-08-12 04:59:31 #1 store] 
Database '/home/momo/eclipse-workspace/prac1/db/studentDatabase.odb' is opened by 26235@VivoBookMomo

[2022-08-12 04:59:31 #2 store] 
Configuration path: ?

------------------------------------------------------------------------------------------------------------------------

[2022-08-12 05:03:16 #1 store] 
Database '/home/momo/eclipse-workspace/prac1/db/studentDatabase.odb' is opened by 26554@VivoBookMomo

[2022-08-12 05:03:16 #2 store] 
Configuration path: ?

------------------------------------------------------------------------------------------------------------------------

[2022-08-12 05:03:27 #1 store] 
Database '/home/momo/eclipse-workspace/prac1/db/studentDatabase.odb' is opened by 26623@VivoBookMomo

[2022-08-12 05:03:27 #2 store] 
Configuration path: ?

------------------------------------------------------------------------------------------------------------------------

[2022-08-12 05:07:04 #1 store] 
Database '/home/momo/eclipse-workspace/prac1/db/studentDatabase.odb' is opened by 26943@VivoBookMomo

[2022-08-12 05:07:04 #2 store] 
Configuration path: ?

------------------------------------------------------------------------------------------------------------------------

[2022-08-12 05:07:42 #1 store] 
Database '/home/momo/eclipse-workspace/prac1/db/studentDatabase.odb' has been recovered (tr. 6-6)

[2022-08-12 05:07:42 #2 store] 
Database '/home/momo/eclipse-workspace/prac1/db/studentDatabase.odb' is opened by 27067@VivoBookMomo

[2022-08-12 05:07:42 #3 store] 
Configuration path: ?

------------------------------------------------------------------------------------------------------------------------

[2022-08-12 05:09:03 #1 store] 
Database '/home/momo/eclipse-workspace/prac1/db/studentDatabase.odb' has been recovered (tr. 7-7)

[2022-08-12 05:09:04 #2 store] 
Database '/home/momo/eclipse-workspace/prac1/db/studentDatabase.odb' is opened by 27167@VivoBookMomo

[2022-08-12 05:09:04 #3 store] 
Configuration path: ?

------------------------------------------------------------------------------------------------------------------------

[2022-08-12 05:10:17 #1 store] 
Database '/home/momo/eclipse-workspace/prac1/db/studentDatabase.odb' is opened by 27293@VivoBookMomo

[2022-08-12 05:10:17 #2 store] 
Configuration path: ?

------------------------------------------------------------------------------------------------------------------------

[2022-08-12 05:12:33 #1 store] 
Database '/home/momo/eclipse-workspace/prac1/db/studentDatabase.odb' has been recovered (tr. 8-8)

[2022-08-12 05:12:33 #2 store] 
Database '/home/momo/eclipse-workspace/prac1/db/studentDatabase.odb' is opened by 27543@VivoBookMomo

[2022-08-12 05:12:33 #3 store] 
Configuration path: ?

------------------------------------------------------------------------------------------------------------------------

[2022-08-12 05:15:14 #1 store] 
Database '/home/momo/eclipse-workspace/prac1/db/studentDatabase.odb' is opened by 27772@VivoBookMomo

[2022-08-12 05:15:14 #2 store] 
Configuration path: ?

------------------------------------------------------------------------------------------------------------------------

[2022-08-12 05:15:49 #1 store] 
Database '/home/momo/eclipse-workspace/prac1/db/studentDatabase.odb' is opened by 27850@VivoBookMomo

[2022-08-12 05:15:49 #2 store] 
Configuration path: ?

------------------------------------------------------------------------------------------------------------------------

[2022-08-12 05:16:11 #1 store] 
Database '/home/momo/eclipse-workspace/prac1/db/studentDatabase.odb' is opened by 27918@VivoBookMomo

[2022-08-12 05:16:11 #2 store] 
Configuration path: ?

------------------------------------------------------------------------------------------------------------------------

[2022-08-12 05:16:24 #1 store] 
Database '/home/momo/eclipse-workspace/prac1/db/studentDatabase.odb' is opened by 27983@VivoBookMomo

[2022-08-12 05:16:24 #2 store] 
Configuration path: ?

------------------------------------------------------------------------------------------------------------------------

[2022-08-12 05:17:04 #1 store] 
Database '/home/momo/eclipse-workspace/prac1/db/studentDatabase.odb' is opened by 28063@VivoBookMomo

[2022-08-12 05:17:04 #2 store] 
Configuration path: ?

------------------------------------------------------------------------------------------------------------------------

[2022-08-12 05:17:29 #1 store] 
Database '/home/momo/eclipse-workspace/prac1/db/studentDatabase.odb' has been recovered (tr. 9-9)

[2022-08-12 05:17:29 #2 store] 
Database '/home/momo/eclipse-workspace/prac1/db/studentDatabase.odb' is opened by 28129@VivoBookMomo

[2022-08-12 05:17:29 #3 store] 
Configuration path: ?

------------------------------------------------------------------------------------------------------------------------

[2022-08-12 05:18:50 #1 store] 
Database '/home/momo/eclipse-workspace/prac1/db/studentDatabase.odb' has been recovered (tr. 10-10)

[2022-08-12 05:18:51 #2 store] 
Database '/home/momo/eclipse-workspace/prac1/db/studentDatabase.odb' is opened by 28219@VivoBookMomo

[2022-08-12 05:18:51 #3 store] 
Configuration path: ?

------------------------------------------------------------------------------------------------------------------------

[2022-08-12 05:23:46 #1 store] 
Database '/home/momo/eclipse-workspace/prac1/db/studentDatabase.odb' has been recovered (tr. 11-11)

[2022-08-12 05:23:46 #2 store] 
Database '/home/momo/eclipse-workspace/prac1/db/studentDatabase.odb' is opened by 28605@VivoBookMomo

[2022-08-12 05:23:46 #3 store] 
Configuration path: ?

------------------------------------------------------------------------------------------------------------------------

[2022-08-12 05:24:47 #1 store] 
Database '/home/momo/eclipse-workspace/prac1/db/studentDatabase.odb' has been recovered (tr. 12-12)

[2022-08-12 05:24:48 #2 store] 
Database '/home/momo/eclipse-workspace/prac1/db/studentDatabase.odb' is opened by 28704@VivoBookMomo

[2022-08-12 05:24:48 #3 store] 
Configuration path: ?

------------------------------------------------------------------------------------------------------------------------

[2022-08-12 05:36:49 #1 store] 
Database '/home/momo/eclipse-workspace/prac1/db/studentDatabase.odb' has been recovered (tr. 13-19)

[2022-08-12 05:36:49 #2 store] 
Database '/home/momo/eclipse-workspace/prac1/db/studentDatabase.odb' is opened by 29590@VivoBookMomo

[2022-08-12 05:36:49 #3 store] 
Configuration path: ?

------------------------------------------------------------------------------------------------------------------------

[2022-08-12 05:37:35 #1 store] 
Database '/home/momo/eclipse-workspace/prac1/db/studentDatabase.odb' is opened by 29713@VivoBookMomo

[2022-08-12 05:37:35 #2 store] 
Configuration path: ?

------------------------------------------------------------------------------------------------------------------------

[2022-08-12 05:38:47 #1 store] 
Database '/home/momo/eclipse-workspace/prac1/db/studentDatabase.odb' is opened by 29849@VivoBookMomo

[2022-08-12 05:38:47 #2 store] 
Configuration path: ?

------------------------------------------------------------------------------------------------------------------------

[2022-08-12 05:42:27 #1 store] 
Database '/home/momo/eclipse-workspace/prac1/db/studentDatabase.odb' has been recovered (tr. 20-20)

[2022-08-12 05:42:27 #2 store] 
Database '/home/momo/eclipse-workspace/prac1/db/studentDatabase.odb' is opened by 30230@VivoBookMomo

[2022-08-12 05:42:27 #3 store] 
Configuration path: ?

------------------------------------------------------------------------------------------------------------------------

[2022-08-12 05:44:12 #1 store] 
Database '/home/momo/eclipse-workspace/prac1/db/studentDatabase.odb' is opened by 30400@VivoBookMomo

[2022-08-12 05:44:12 #2 store] 
Configuration path: ?

------------------------------------------------------------------------------------------------------------------------

[2022-08-12 05:46:29 #1 store] 
Database '/home/momo/eclipse-workspace/prac1/db/studentDatabase.odb' has been recovered (tr. 21-21)

[2022-08-12 05:46:29 #2 store] 
Database '/home/momo/eclipse-workspace/prac1/db/studentDatabase.odb' is opened by 30531@VivoBookMomo

[2022-08-12 05:46:29 #3 store] 
Configuration path: ?

------------------------------------------------------------------------------------------------------------------------

[2022-08-12 05:54:19 #1 store] 
Database '/home/momo/eclipse-workspace/prac1/db/studentDatabase.odb' is opened by 31247@VivoBookMomo

[2022-08-12 05:54:19 #2 store] 
Configuration path: ?

------------------------------------------------------------------------------------------------------------------------

[2022-08-12 05:55:56 #1 store] 
Database '/home/momo/eclipse-workspace/prac1/db/studentDatabase.odb' has been recovered (tr. 22-22)

[2022-08-12 05:55:56 #2 store] 
Database '/home/momo/eclipse-workspace/prac1/db/studentDatabase.odb' is opened by 31410@VivoBookMomo

[2022-08-12 05:55:56 #3 store] 
Configuration path: ?

------------------------------------------------------------------------------------------------------------------------

[2022-08-12 05:56:57 #1 store] 
Database '/home/momo/eclipse-workspace/prac1/db/studentDatabase.odb' is opened by 31535@VivoBookMomo

[2022-08-12 05:56:57 #2 store] 
Configuration path: ?

------------------------------------------------------------------------------------------------------------------------

[2022-08-12 06:01:00 #1 store] 
Database '/home/momo/eclipse-workspace/prac1/db/studentDatabase.odb' is opened by 31847@VivoBookMomo

[2022-08-12 06:01:00 #2 store] 
Configuration path: ?

------------------------------------------------------------------------------------------------------------------------

[2022-08-12 06:05:29 #1 store] 
Database '/home/momo/eclipse-workspace/prac1/db/studentDatabase.odb' has been recovered (tr. 23-24)

[2022-08-12 06:05:29 #2 store] 
Database '/home/momo/eclipse-workspace/prac1/db/studentDatabase.odb' is opened by 32388@VivoBookMomo

[2022-08-12 06:05:29 #3 store] 
Configuration path: ?

------------------------------------------------------------------------------------------------------------------------

[2022-08-12 06:09:21 #1 store] 
Database '/home/momo/eclipse-workspace/prac1/db/studentDatabase.odb' has been recovered (tr. 25-25)

[2022-08-12 06:09:21 #2 store] 
Database '/home/momo/eclipse-workspace/prac1/db/studentDatabase.odb' is opened by 32762@VivoBookMomo

[2022-08-12 06:09:21 #3 store] 
Configuration path: ?

------------------------------------------------------------------------------------------------------------------------

[2022-08-12 06:13:31 #1 store] 
Database '/home/momo/eclipse-workspace/prac1/db/studentDatabase.odb' has been recovered (tr. 26-28)

[2022-08-12 06:13:31 #2 store] 
Database '/home/momo/eclipse-workspace/prac1/db/studentDatabase.odb' is opened by 33206@VivoBookMomo

[2022-08-12 06:13:31 #3 store] 
Configuration path: ?

------------------------------------------------------------------------------------------------------------------------

[2022-08-12 06:15:21 #1 store] 
Database '/home/momo/eclipse-workspace/prac1/db/studentDatabase.odb' has been recovered (tr. 29-33)

[2022-08-12 06:15:21 #2 store] 
Database '/home/momo/eclipse-workspace/prac1/db/studentDatabase.odb' is opened by 33327@VivoBookMomo

[2022-08-12 06:15:21 #3 store] 
Configuration path: ?

------------------------------------------------------------------------------------------------------------------------

[2022-08-12 06:20:35 #1 store] 
Database '/home/momo/eclipse-workspace/prac1/db/studentDatabase.odb' is opened by 33793@VivoBookMomo

[2022-08-12 06:20:35 #2 store] 
Configuration path: ?

------------------------------------------------------------------------------------------------------------------------

[2022-08-12 06:24:46 #1 store] 
Database '/home/momo/eclipse-workspace/prac1/db/studentDatabase.odb' is opened by 34182@VivoBookMomo

[2022-08-12 06:24:46 #2 store] 
Configuration path: ?

------------------------------------------------------------------------------------------------------------------------

[2022-08-12 06:26:24 #1 store] 
Database '/home/momo/eclipse-workspace/prac1/db/studentDatabase.odb' is opened by 34325@VivoBookMomo

[2022-08-12 06:26:24 #2 store] 
Configuration path: ?

------------------------------------------------------------------------------------------------------------------------

[2022-08-12 06:29:00 #1 store] 
Database '/home/momo/eclipse-workspace/prac1/db/studentDatabase.odb' has been recovered (tr. 34-34)

[2022-08-12 06:29:00 #2 store] 
Database '/home/momo/eclipse-workspace/prac1/db/studentDatabase.odb' is opened by 34511@VivoBookMomo

[2022-08-12 06:29:00 #3 store] 
Configuration path: ?

------------------------------------------------------------------------------------------------------------------------

[2022-08-12 06:29:48 #1 store] 
Database '/home/momo/eclipse-workspace/prac1/db/studentDatabase.odb' is opened by 34608@VivoBookMomo

[2022-08-12 06:29:48 #2 store] 
Configuration path: ?

