------------------------------------------------------------------------------------------------------------------------

[2022-08-19 08:40:19 #1 store] 
Database '/home/momo/Documents/Semester 2/COS326/databaseCourse2/Practical 1/Source/prac1/db/studentDatabase.odb' is opened by 4508@VivoBookMomo

[2022-08-19 08:40:19 #2 store] 
Configuration path: ?

------------------------------------------------------------------------------------------------------------------------

[2022-08-19 09:40:47 #1 store] 
Database '/home/momo/Documents/Semester 2/COS326/databaseCourse2/Practical 1/Source/prac1/db/studentDatabase.odb' has been recovered (tr. 1-2)

[2022-08-19 09:40:48 #2 store] 
Database '/home/momo/Documents/Semester 2/COS326/databaseCourse2/Practical 1/Source/prac1/db/studentDatabase.odb' is opened by 10992@VivoBookMomo

[2022-08-19 09:40:48 #3 store] 
Configuration path: ?

[2022-08-19 09:41:06 #4 type] 
Type working.Student is not enhanced.

------------------------------------------------------------------------------------------------------------------------

[2022-08-19 09:43:28 #1 store] 
Database '/home/momo/Documents/Semester 2/COS326/databaseCourse2/Practical 1/Source/prac1/db/studentDatabase.odb' is opened by 11141@VivoBookMomo

[2022-08-19 09:43:28 #2 store] 
Configuration path: ?

------------------------------------------------------------------------------------------------------------------------

[2022-08-19 09:43:51 #1 store] 
Database '/home/momo/Documents/Semester 2/COS326/databaseCourse2/Practical 1/Source/prac1/db/studentDatabase.odb' is opened by 11210@VivoBookMomo

[2022-08-19 09:43:51 #2 store] 
Configuration path: ?

------------------------------------------------------------------------------------------------------------------------

[2022-08-19 09:45:35 #1 store] 
Database '/home/momo/Documents/Semester 2/COS326/databaseCourse2/Practical 1/Source/prac1/db/studentDatabase.odb' has been recovered (tr. 3-4)

[2022-08-19 09:45:35 #2 store] 
Database '/home/momo/Documents/Semester 2/COS326/databaseCourse2/Practical 1/Source/prac1/db/studentDatabase.odb' is opened by 11364@VivoBookMomo

[2022-08-19 09:45:35 #3 store] 
Configuration path: ?

[2022-08-19 09:45:35 #4 type] 
Type working.Student is not enhanced.

------------------------------------------------------------------------------------------------------------------------

[2022-08-19 09:45:53 #1 store] 
Database '/home/momo/Documents/Semester 2/COS326/databaseCourse2/Practical 1/Source/prac1/db/studentDatabase.odb' is opened by 11422@VivoBookMomo

[2022-08-19 09:45:53 #2 store] 
Configuration path: ?

------------------------------------------------------------------------------------------------------------------------

[2022-08-19 09:47:57 #1 store] 
Database '/home/momo/Documents/Semester 2/COS326/databaseCourse2/Practical 1/Source/prac1/db/studentDatabase.odb' is opened by 11626@VivoBookMomo

[2022-08-19 09:47:57 #2 store] 
Configuration path: ?

[2022-08-19 09:47:57 #3 type] 
Type working.Student is not enhanced.

------------------------------------------------------------------------------------------------------------------------

[2022-08-19 09:48:02 #1 store] 
Database '/home/momo/Documents/Semester 2/COS326/databaseCourse2/Practical 1/Source/prac1/db/studentDatabase.odb' is opened by 11678@VivoBookMomo

[2022-08-19 09:48:02 #2 store] 
Configuration path: ?

------------------------------------------------------------------------------------------------------------------------

[2022-08-19 09:50:12 #1 store] 
Database '/home/momo/Documents/Semester 2/COS326/databaseCourse2/Practical 1/Source/prac1/db/studentDatabase.odb' is opened by 11876@VivoBookMomo

[2022-08-19 09:50:12 #2 store] 
Configuration path: ?

[2022-08-19 09:50:12 #3 type] 
Type working.Student is not enhanced.

------------------------------------------------------------------------------------------------------------------------

[2022-08-19 09:50:15 #1 store] 
Database '/home/momo/Documents/Semester 2/COS326/databaseCourse2/Practical 1/Source/prac1/db/studentDatabase.odb' is opened by 11929@VivoBookMomo

[2022-08-19 09:50:15 #2 store] 
Configuration path: ?

------------------------------------------------------------------------------------------------------------------------

[2022-08-19 09:51:02 #1 store] 
Database '/home/momo/Documents/Semester 2/COS326/databaseCourse2/Practical 1/Source/prac1/db/studentDatabase.odb' is opened by 12029@VivoBookMomo

[2022-08-19 09:51:02 #2 store] 
Configuration path: ?

[2022-08-19 09:51:02 #3 type] 
Type working.Student is not enhanced.

------------------------------------------------------------------------------------------------------------------------

[2022-08-19 09:51:08 #1 store] 
Database '/home/momo/Documents/Semester 2/COS326/databaseCourse2/Practical 1/Source/prac1/db/studentDatabase.odb' is opened by 12083@VivoBookMomo

[2022-08-19 09:51:08 #2 store] 
Configuration path: ?

------------------------------------------------------------------------------------------------------------------------

[2022-08-19 09:51:24 #1 store] 
Database '/home/momo/Documents/Semester 2/COS326/databaseCourse2/Practical 1/Source/prac1/db/studentDatabase.odb' is opened by 12158@VivoBookMomo

[2022-08-19 09:51:24 #2 store] 
Configuration path: ?

[2022-08-19 09:51:24 #3 type] 
Type working.Student is not enhanced.

------------------------------------------------------------------------------------------------------------------------

[2022-08-19 09:51:27 #1 store] 
Database '/home/momo/Documents/Semester 2/COS326/databaseCourse2/Practical 1/Source/prac1/db/studentDatabase.odb' is opened by 12209@VivoBookMomo

[2022-08-19 09:51:27 #2 store] 
Configuration path: ?

------------------------------------------------------------------------------------------------------------------------

[2022-08-19 09:51:55 #1 store] 
Database '/home/momo/Documents/Semester 2/COS326/databaseCourse2/Practical 1/Source/prac1/db/studentDatabase.odb' is opened by 12295@VivoBookMomo

[2022-08-19 09:51:55 #2 store] 
Configuration path: ?

[2022-08-19 09:51:55 #3 type] 
Type working.Student is not enhanced.

------------------------------------------------------------------------------------------------------------------------

[2022-08-19 09:51:59 #1 store] 
Database '/home/momo/Documents/Semester 2/COS326/databaseCourse2/Practical 1/Source/prac1/db/studentDatabase.odb' is opened by 12348@VivoBookMomo

[2022-08-19 09:51:59 #2 store] 
Configuration path: ?

------------------------------------------------------------------------------------------------------------------------

[2022-08-19 09:52:07 #1 store] 
Database '/home/momo/Documents/Semester 2/COS326/databaseCourse2/Practical 1/Source/prac1/db/studentDatabase.odb' is opened by 12449@VivoBookMomo

[2022-08-19 09:52:07 #2 store] 
Configuration path: ?

------------------------------------------------------------------------------------------------------------------------

[2022-08-19 09:53:41 #1 store] 
Database '/home/momo/Documents/Semester 2/COS326/databaseCourse2/Practical 1/Source/prac1/db/studentDatabase.odb' is opened by 12553@VivoBookMomo

[2022-08-19 09:53:41 #2 store] 
Configuration path: ?

------------------------------------------------------------------------------------------------------------------------

[2022-08-19 09:56:12 #1 store] 
Database '/home/momo/Documents/Semester 2/COS326/databaseCourse2/Practical 1/Source/prac1/db/studentDatabase.odb' has been recovered (tr. 5-7)

[2022-08-19 09:56:12 #2 store] 
Database '/home/momo/Documents/Semester 2/COS326/databaseCourse2/Practical 1/Source/prac1/db/studentDatabase.odb' is opened by 12724@VivoBookMomo

[2022-08-19 09:56:12 #3 store] 
Configuration path: ?

------------------------------------------------------------------------------------------------------------------------

[2022-08-19 09:59:31 #1 store] 
Database '/home/momo/Documents/Semester 2/COS326/databaseCourse2/Practical 1/Source/prac1/db/studentDatabase.odb' has been recovered (tr. 8-10)

[2022-08-19 09:59:32 #2 store] 
Database '/home/momo/Documents/Semester 2/COS326/databaseCourse2/Practical 1/Source/prac1/db/studentDatabase.odb' is opened by 12939@VivoBookMomo

[2022-08-19 09:59:32 #3 store] 
Configuration path: ?

[2022-08-19 09:59:32 #4 type] 
Type working.Student is not enhanced.

------------------------------------------------------------------------------------------------------------------------

[2022-08-19 09:59:35 #1 store] 
Database '/home/momo/Documents/Semester 2/COS326/databaseCourse2/Practical 1/Source/prac1/db/studentDatabase.odb' is opened by 12991@VivoBookMomo

[2022-08-19 09:59:35 #2 store] 
Configuration path: ?

------------------------------------------------------------------------------------------------------------------------

[2022-08-19 10:01:18 #1 store] 
Database '/home/momo/Documents/Semester 2/COS326/databaseCourse2/Practical 1/Source/prac1/db/studentDatabase.odb' has been recovered (tr. 11-12)

[2022-08-19 10:01:18 #2 store] 
Database '/home/momo/Documents/Semester 2/COS326/databaseCourse2/Practical 1/Source/prac1/db/studentDatabase.odb' is opened by 13115@VivoBookMomo

[2022-08-19 10:01:18 #3 store] 
Configuration path: ?

[2022-08-19 10:01:18 #4 type] 
Type working.Student is not enhanced.

------------------------------------------------------------------------------------------------------------------------

[2022-08-19 10:01:47 #1 store] 
Database '/home/momo/Documents/Semester 2/COS326/databaseCourse2/Practical 1/Source/prac1/db/studentDatabase.odb' is opened by 13323@VivoBookMomo

[2022-08-19 10:01:47 #2 store] 
Configuration path: ?

------------------------------------------------------------------------------------------------------------------------

[2022-08-19 10:58:16 #1 store] 
Database '/home/momo/Documents/Semester 2/COS326/databaseCourse2/Practical 1/Source/prac1/db/studentDatabase.odb' has been recovered (tr. 13-14)

[2022-08-19 10:58:16 #2 store] 
Database '/home/momo/Documents/Semester 2/COS326/databaseCourse2/Practical 1/Source/prac1/db/studentDatabase.odb' is opened by 15200@VivoBookMomo

[2022-08-19 10:58:16 #3 store] 
Configuration path: ?

[2022-08-19 10:58:16 #4 type] 
Type working.Student is not enhanced.

------------------------------------------------------------------------------------------------------------------------

[2022-08-19 10:58:44 #1 store] 
Database '/home/momo/Documents/Semester 2/COS326/databaseCourse2/Practical 1/Source/prac1/db/studentDatabase.odb' has been recovered (tr. 15-15)

[2022-08-19 10:58:44 #2 store] 
Database '/home/momo/Documents/Semester 2/COS326/databaseCourse2/Practical 1/Source/prac1/db/studentDatabase.odb' is opened by 15301@VivoBookMomo

[2022-08-19 10:58:44 #3 store] 
Configuration path: ?

[2022-08-19 10:58:44 #4 type] 
Type working.Student is not enhanced.

------------------------------------------------------------------------------------------------------------------------

[2022-08-19 10:58:47 #1 store] 
Database '/home/momo/Documents/Semester 2/COS326/databaseCourse2/Practical 1/Source/prac1/db/studentDatabase.odb' is opened by 15351@VivoBookMomo

[2022-08-19 10:58:47 #2 store] 
Configuration path: ?

------------------------------------------------------------------------------------------------------------------------

[2022-08-19 11:22:22 #1 store] 
Database '/home/momo/Documents/Semester 2/COS326/databaseCourse2/Practical 1/Source/prac1/db/studentDatabase.odb' has been recovered (tr. 16-18)

[2022-08-19 11:22:23 #2 store] 
Database '/home/momo/Documents/Semester 2/COS326/databaseCourse2/Practical 1/Source/prac1/db/studentDatabase.odb' is opened by 16413@VivoBookMomo

[2022-08-19 11:22:23 #3 store] 
Configuration path: ?

[2022-08-19 11:22:23 #4 type] 
Type working.Student is not enhanced.

------------------------------------------------------------------------------------------------------------------------

[2022-08-19 11:22:26 #1 store] 
Database '/home/momo/Documents/Semester 2/COS326/databaseCourse2/Practical 1/Source/prac1/db/studentDatabase.odb' is opened by 16463@VivoBookMomo

[2022-08-19 11:22:26 #2 store] 
Configuration path: ?

------------------------------------------------------------------------------------------------------------------------

[2022-08-19 11:22:43 #1 store] 
Database '/home/momo/Documents/Semester 2/COS326/databaseCourse2/Practical 1/Source/prac1/db/studentDatabase.odb' has been recovered (tr. 19-19)

[2022-08-19 11:22:43 #2 store] 
Database '/home/momo/Documents/Semester 2/COS326/databaseCourse2/Practical 1/Source/prac1/db/studentDatabase.odb' is opened by 16537@VivoBookMomo

[2022-08-19 11:22:43 #3 store] 
Configuration path: ?

[2022-08-19 11:22:43 #4 type] 
Type working.Student is not enhanced.

------------------------------------------------------------------------------------------------------------------------

[2022-08-19 11:22:46 #1 store] 
Database '/home/momo/Documents/Semester 2/COS326/databaseCourse2/Practical 1/Source/prac1/db/studentDatabase.odb' is opened by 16590@VivoBookMomo

[2022-08-19 11:22:46 #2 store] 
Configuration path: ?

------------------------------------------------------------------------------------------------------------------------

[2022-08-19 11:23:02 #1 store] 
Database '/home/momo/Documents/Semester 2/COS326/databaseCourse2/Practical 1/Source/prac1/db/studentDatabase.odb' is opened by 16662@VivoBookMomo

[2022-08-19 11:23:02 #2 store] 
Configuration path: ?

[2022-08-19 11:23:02 #3 type] 
Type working.Student is not enhanced.

------------------------------------------------------------------------------------------------------------------------

[2022-08-19 11:24:29 #1 store] 
Database '/home/momo/Documents/Semester 2/COS326/databaseCourse2/Practical 1/Source/prac1/db/studentDatabase.odb' is opened by 16814@VivoBookMomo

[2022-08-19 11:24:29 #2 store] 
Configuration path: ?

------------------------------------------------------------------------------------------------------------------------

[2022-08-19 12:54:35 #1 store] 
Database '/home/momo/Documents/Semester 2/COS326/databaseCourse2/Practical 1/Source/prac1/db/studentDatabase.odb' has been recovered (tr. 20-22)

[2022-08-19 12:54:35 #2 store] 
Database '/home/momo/Documents/Semester 2/COS326/databaseCourse2/Practical 1/Source/prac1/db/studentDatabase.odb' is opened by 2458@VivoBookMomo

[2022-08-19 12:54:35 #3 store] 
Configuration path: ?

[2022-08-19 12:54:35 #4 type] 
Type working.Student is not enhanced.

------------------------------------------------------------------------------------------------------------------------

[2022-08-19 12:55:46 #1 store] 
Database '/home/momo/Documents/Semester 2/COS326/databaseCourse2/Practical 1/Source/prac1/db/studentDatabase.odb' is opened by 2603@VivoBookMomo

[2022-08-19 12:55:46 #2 store] 
Configuration path: ?

[2022-08-19 12:55:46 #3 type] 
Type working.Student is not enhanced.

------------------------------------------------------------------------------------------------------------------------

[2022-08-19 12:55:51 #1 store] 
Database '/home/momo/Documents/Semester 2/COS326/databaseCourse2/Practical 1/Source/prac1/db/studentDatabase.odb' is opened by 2704@VivoBookMomo

[2022-08-19 12:55:51 #2 store] 
Configuration path: ?

------------------------------------------------------------------------------------------------------------------------

[2022-08-19 12:58:55 #1 store] 
Database '/home/momo/Documents/Semester 2/COS326/databaseCourse2/Practical 1/Source/prac1/db/studentDatabase.odb' has been recovered (tr. 23-24)

[2022-08-19 12:58:55 #2 store] 
Database '/home/momo/Documents/Semester 2/COS326/databaseCourse2/Practical 1/Source/prac1/db/studentDatabase.odb' is opened by 2992@VivoBookMomo

[2022-08-19 12:58:55 #3 store] 
Configuration path: ?

[2022-08-19 12:58:55 #4 type] 
Type working.Student is not enhanced.

------------------------------------------------------------------------------------------------------------------------

[2022-08-19 12:58:58 #1 store] 
Database '/home/momo/Documents/Semester 2/COS326/databaseCourse2/Practical 1/Source/prac1/db/studentDatabase.odb' is opened by 3042@VivoBookMomo

[2022-08-19 12:58:58 #2 store] 
Configuration path: ?

------------------------------------------------------------------------------------------------------------------------

[2022-08-19 13:01:15 #1 store] 
Database '/home/momo/Documents/Semester 2/COS326/databaseCourse2/Practical 1/Source/prac1/db/studentDatabase.odb' is opened by 3190@VivoBookMomo

[2022-08-19 13:01:15 #2 store] 
Configuration path: ?

[2022-08-19 13:01:15 #3 type] 
Type working.Student is not enhanced.

------------------------------------------------------------------------------------------------------------------------

[2022-08-19 13:01:19 #1 store] 
Database '/home/momo/Documents/Semester 2/COS326/databaseCourse2/Practical 1/Source/prac1/db/studentDatabase.odb' is opened by 3245@VivoBookMomo

[2022-08-19 13:01:19 #2 store] 
Configuration path: ?

------------------------------------------------------------------------------------------------------------------------

[2022-08-19 13:12:01 #1 store] 
Database '/home/momo/Documents/Semester 2/COS326/databaseCourse2/Practical 1/Source/prac1/db/studentDatabase.odb' is opened by 4162@VivoBookMomo

[2022-08-19 13:12:01 #2 store] 
Configuration path: ?

------------------------------------------------------------------------------------------------------------------------

[2022-08-19 13:15:06 #1 store] 
Database '/home/momo/Documents/Semester 2/COS326/databaseCourse2/Practical 1/Source/prac1/db/studentDatabase.odb' is opened by 4370@VivoBookMomo

[2022-08-19 13:15:06 #2 store] 
Configuration path: ?

------------------------------------------------------------------------------------------------------------------------

[2022-08-19 13:15:34 #1 store] 
Database '/home/momo/Documents/Semester 2/COS326/databaseCourse2/Practical 1/Source/prac1/db/studentDatabase.odb' is opened by 4480@VivoBookMomo

[2022-08-19 13:15:34 #2 store] 
Configuration path: ?

------------------------------------------------------------------------------------------------------------------------

[2022-08-19 13:16:04 #1 store] 
Database '/home/momo/Documents/Semester 2/COS326/databaseCourse2/Practical 1/Source/prac1/db/studentDatabase.odb' is opened by 4590@VivoBookMomo

[2022-08-19 13:16:04 #2 store] 
Configuration path: ?

------------------------------------------------------------------------------------------------------------------------

[2022-08-19 13:17:12 #1 store] 
Database '/home/momo/Documents/Semester 2/COS326/databaseCourse2/Practical 1/Source/prac1/db/studentDatabase.odb' is opened by 4725@VivoBookMomo

[2022-08-19 13:17:12 #2 store] 
Configuration path: ?

[2022-08-19 13:17:12 #3 type] 
Type working.Student is not enhanced.

------------------------------------------------------------------------------------------------------------------------

[2022-08-19 13:17:38 #1 store] 
Database '/home/momo/Documents/Semester 2/COS326/databaseCourse2/Practical 1/Source/prac1/db/studentDatabase.odb' is opened by 4801@VivoBookMomo

[2022-08-19 13:17:38 #2 store] 
Configuration path: ?

[2022-08-19 13:17:38 #3 type] 
Type working.Student is not enhanced.

------------------------------------------------------------------------------------------------------------------------

[2022-08-19 13:17:40 #1 store] 
Database '/home/momo/Documents/Semester 2/COS326/databaseCourse2/Practical 1/Source/prac1/db/studentDatabase.odb' is opened by 4854@VivoBookMomo

[2022-08-19 13:17:40 #2 store] 
Configuration path: ?

------------------------------------------------------------------------------------------------------------------------

[2022-08-19 13:18:21 #1 store] 
Database '/home/momo/Documents/Semester 2/COS326/databaseCourse2/Practical 1/Source/prac1/db/studentDatabase.odb' is opened by 4965@VivoBookMomo

[2022-08-19 13:18:21 #2 store] 
Configuration path: ?

------------------------------------------------------------------------------------------------------------------------

[2022-08-19 13:19:11 #1 store] 
Database '/home/momo/Documents/Semester 2/COS326/databaseCourse2/Practical 1/Source/prac1/db/studentDatabase.odb' is opened by 5082@VivoBookMomo

[2022-08-19 13:19:11 #2 store] 
Configuration path: ?

------------------------------------------------------------------------------------------------------------------------

[2022-08-19 13:19:38 #1 store] 
Database '/home/momo/Documents/Semester 2/COS326/databaseCourse2/Practical 1/Source/prac1/db/studentDatabase.odb' is opened by 5163@VivoBookMomo

[2022-08-19 13:19:38 #2 store] 
Configuration path: ?

[2022-08-19 13:19:38 #3 type] 
Type working.Student is not enhanced.

------------------------------------------------------------------------------------------------------------------------

[2022-08-19 13:19:40 #1 store] 
Database '/home/momo/Documents/Semester 2/COS326/databaseCourse2/Practical 1/Source/prac1/db/studentDatabase.odb' is opened by 5215@VivoBookMomo

[2022-08-19 13:19:40 #2 store] 
Configuration path: ?

------------------------------------------------------------------------------------------------------------------------

[2022-08-19 13:20:08 #1 store] 
Database '/home/momo/Documents/Semester 2/COS326/databaseCourse2/Practical 1/Source/prac1/db/studentDatabase.odb' is opened by 5322@VivoBookMomo

[2022-08-19 13:20:08 #2 store] 
Configuration path: ?

------------------------------------------------------------------------------------------------------------------------

[2022-08-19 13:20:37 #1 store] 
Database '/home/momo/Documents/Semester 2/COS326/databaseCourse2/Practical 1/Source/prac1/db/studentDatabase.odb' has been recovered (tr. 46-48)

[2022-08-19 13:20:37 #2 store] 
Database '/home/momo/Documents/Semester 2/COS326/databaseCourse2/Practical 1/Source/prac1/db/studentDatabase.odb' is opened by 5390@VivoBookMomo

[2022-08-19 13:20:37 #3 store] 
Configuration path: ?

------------------------------------------------------------------------------------------------------------------------

[2022-08-19 14:10:20 #1 store] 
Database '/home/momo/Documents/Semester 2/COS326/databaseCourse2/Practical 1/Source/prac1/db/studentDatabase.odb' is opened by 9546@VivoBookMomo

[2022-08-19 14:10:20 #2 store] 
Configuration path: ?

[2022-08-19 14:10:20 #3 type] 
Type working.Student is not enhanced.

------------------------------------------------------------------------------------------------------------------------

[2022-08-19 14:10:22 #1 store] 
Database '/home/momo/Documents/Semester 2/COS326/databaseCourse2/Practical 1/Source/prac1/db/studentDatabase.odb' is opened by 9594@VivoBookMomo

[2022-08-19 14:10:22 #2 store] 
Configuration path: ?

------------------------------------------------------------------------------------------------------------------------

[2022-08-19 14:11:13 #1 store] 
Database '/home/momo/Documents/Semester 2/COS326/databaseCourse2/Practical 1/Source/prac1/db/studentDatabase.odb' has been recovered (tr. 49-49)

[2022-08-19 14:11:13 #2 store] 
Database '/home/momo/Documents/Semester 2/COS326/databaseCourse2/Practical 1/Source/prac1/db/studentDatabase.odb' is opened by 9714@VivoBookMomo

[2022-08-19 14:11:13 #3 store] 
Configuration path: ?

------------------------------------------------------------------------------------------------------------------------

[2022-08-19 14:11:25 #1 store] 
Database '/home/momo/Documents/Semester 2/COS326/databaseCourse2/Practical 1/Source/prac1/db/studentDatabase.odb' is opened by 9818@VivoBookMomo

[2022-08-19 14:11:25 #2 store] 
Configuration path: ?

------------------------------------------------------------------------------------------------------------------------

[2022-08-19 19:44:59 #1 store] 
Database '/home/momo/Documents/Semester 2/COS326/databaseCourse2/Practical 1/Source/prac1/db/studentDatabase.odb' is opened by 23105@VivoBookMomo

[2022-08-19 19:44:59 #2 store] 
Configuration path: ?

[2022-08-19 19:44:59 #3 type] 
Type working.Student is not enhanced.

------------------------------------------------------------------------------------------------------------------------

[2022-08-19 19:45:11 #1 store] 
Database '/home/momo/Documents/Semester 2/COS326/databaseCourse2/Practical 1/Source/prac1/db/studentDatabase.odb' is opened by 23162@VivoBookMomo

[2022-08-19 19:45:11 #2 store] 
Configuration path: ?

------------------------------------------------------------------------------------------------------------------------

[2022-08-19 19:45:48 #1 store] 
Database '/home/momo/Documents/Semester 2/COS326/databaseCourse2/Practical 1/Source/prac1/db/studentDatabase.odb' has been recovered (tr. 50-50)

[2022-08-19 19:45:49 #2 store] 
Database '/home/momo/Documents/Semester 2/COS326/databaseCourse2/Practical 1/Source/prac1/db/studentDatabase.odb' is opened by 23227@VivoBookMomo

[2022-08-19 19:45:49 #3 store] 
Configuration path: ?

------------------------------------------------------------------------------------------------------------------------

[2022-08-19 19:46:26 #1 store] 
Database '/home/momo/Documents/Semester 2/COS326/databaseCourse2/Practical 1/Source/prac1/db/studentDatabase.odb' is opened by 23326@VivoBookMomo

[2022-08-19 19:46:26 #2 store] 
Configuration path: ?

------------------------------------------------------------------------------------------------------------------------

[2022-08-19 19:46:57 #1 store] 
Database '/home/momo/Documents/Semester 2/COS326/databaseCourse2/Practical 1/Source/prac1/db/studentDatabase.odb' has been recovered (tr. 51-51)

[2022-08-19 19:46:57 #2 store] 
Database '/home/momo/Documents/Semester 2/COS326/databaseCourse2/Practical 1/Source/prac1/db/studentDatabase.odb' is opened by 23429@VivoBookMomo

[2022-08-19 19:46:57 #3 store] 
Configuration path: ?

------------------------------------------------------------------------------------------------------------------------

[2022-08-19 20:10:53 #1 store] 
Database '/home/momo/Documents/Semester 2/COS326/databaseCourse2/Practical 1/Source/prac1/db/studentDatabase.odb' is opened by 24960@VivoBookMomo

[2022-08-19 20:10:53 #2 store] 
Configuration path: ?

[2022-08-19 20:10:53 #3 type] 
Type working.Student is not enhanced.

------------------------------------------------------------------------------------------------------------------------

[2022-08-19 20:11:46 #1 store] 
Database '/home/momo/Documents/Semester 2/COS326/databaseCourse2/Practical 1/Source/prac1/db/studentDatabase.odb' has been recovered (tr. 52-52)

[2022-08-19 20:11:46 #2 store] 
Database '/home/momo/Documents/Semester 2/COS326/databaseCourse2/Practical 1/Source/prac1/db/studentDatabase.odb' is opened by 25046@VivoBookMomo

[2022-08-19 20:11:46 #3 store] 
Configuration path: ?

------------------------------------------------------------------------------------------------------------------------

[2022-08-19 20:12:44 #1 store] 
Database '/home/momo/Documents/Semester 2/COS326/databaseCourse2/Practical 1/Source/prac1/db/studentDatabase.odb' has been recovered (tr. 53-53)

[2022-08-19 20:12:44 #2 store] 
Database '/home/momo/Documents/Semester 2/COS326/databaseCourse2/Practical 1/Source/prac1/db/studentDatabase.odb' is opened by 25158@VivoBookMomo

[2022-08-19 20:12:44 #3 store] 
Configuration path: ?

[2022-08-19 20:12:44 #4 type] 
Type working.Student is not enhanced.

------------------------------------------------------------------------------------------------------------------------

[2022-08-19 20:12:48 #1 store] 
Database '/home/momo/Documents/Semester 2/COS326/databaseCourse2/Practical 1/Source/prac1/db/studentDatabase.odb' is opened by 25210@VivoBookMomo

[2022-08-19 20:12:48 #2 store] 
Configuration path: ?

------------------------------------------------------------------------------------------------------------------------

[2022-08-19 20:13:14 #1 store] 
Database '/home/momo/Documents/Semester 2/COS326/databaseCourse2/Practical 1/Source/prac1/db/studentDatabase.odb' has been recovered (tr. 54-56)

[2022-08-19 20:13:14 #2 store] 
Database '/home/momo/Documents/Semester 2/COS326/databaseCourse2/Practical 1/Source/prac1/db/studentDatabase.odb' is opened by 25299@VivoBookMomo

[2022-08-19 20:13:14 #3 store] 
Configuration path: ?

------------------------------------------------------------------------------------------------------------------------

[2022-08-19 20:16:09 #1 store] 
Database '/home/momo/Documents/Semester 2/COS326/databaseCourse2/Practical 1/Source/prac1/db/studentDatabase.odb' is opened by 25631@VivoBookMomo

[2022-08-19 20:16:09 #2 store] 
Configuration path: ?

------------------------------------------------------------------------------------------------------------------------

[2022-08-19 20:17:01 #1 store] 
Database '/home/momo/Documents/Semester 2/COS326/databaseCourse2/Practical 1/Source/prac1/db/studentDatabase.odb' has been recovered (tr. 59-63)

[2022-08-19 20:17:01 #2 store] 
Database '/home/momo/Documents/Semester 2/COS326/databaseCourse2/Practical 1/Source/prac1/db/studentDatabase.odb' is opened by 25715@VivoBookMomo

[2022-08-19 20:17:01 #3 store] 
Configuration path: ?

------------------------------------------------------------------------------------------------------------------------

[2022-08-19 20:18:35 #1 store] 
Database '/home/momo/Documents/Semester 2/COS326/databaseCourse2/Practical 1/Source/prac1/db/studentDatabase.odb' is opened by 25896@VivoBookMomo

[2022-08-19 20:18:35 #2 store] 
Configuration path: ?

[2022-08-19 20:18:35 #3 type] 
Type working.Student is not enhanced.

------------------------------------------------------------------------------------------------------------------------

[2022-08-19 20:18:37 #1 store] 
Database '/home/momo/Documents/Semester 2/COS326/databaseCourse2/Practical 1/Source/prac1/db/studentDatabase.odb' is opened by 25947@VivoBookMomo

[2022-08-19 20:18:37 #2 store] 
Configuration path: ?

------------------------------------------------------------------------------------------------------------------------

[2022-08-19 20:19:04 #1 store] 
Database '/home/momo/Documents/Semester 2/COS326/databaseCourse2/Practical 1/Source/prac1/db/studentDatabase.odb' is opened by 26025@VivoBookMomo

[2022-08-19 20:19:04 #2 store] 
Configuration path: ?

[2022-08-19 20:19:04 #3 type] 
Type working.Student is not enhanced.

------------------------------------------------------------------------------------------------------------------------

[2022-08-19 20:19:06 #1 store] 
Database '/home/momo/Documents/Semester 2/COS326/databaseCourse2/Practical 1/Source/prac1/db/studentDatabase.odb' is opened by 26075@VivoBookMomo

[2022-08-19 20:19:06 #2 store] 
Configuration path: ?

------------------------------------------------------------------------------------------------------------------------

[2022-08-19 20:19:22 #1 store] 
Database '/home/momo/Documents/Semester 2/COS326/databaseCourse2/Practical 1/Source/prac1/db/studentDatabase.odb' is opened by 26143@VivoBookMomo

[2022-08-19 20:19:22 #2 store] 
Configuration path: ?

[2022-08-19 20:19:22 #3 type] 
Type working.Student is not enhanced.

------------------------------------------------------------------------------------------------------------------------

[2022-08-19 20:19:27 #1 store] 
Database '/home/momo/Documents/Semester 2/COS326/databaseCourse2/Practical 1/Source/prac1/db/studentDatabase.odb' is opened by 26217@VivoBookMomo

[2022-08-19 20:19:27 #2 store] 
Configuration path: ?

------------------------------------------------------------------------------------------------------------------------

[2022-08-19 20:19:52 #1 store] 
Database '/home/momo/Documents/Semester 2/COS326/databaseCourse2/Practical 1/Source/prac1/db/studentDatabase.odb' has been recovered (tr. 64-64)

[2022-08-19 20:19:52 #2 store] 
Database '/home/momo/Documents/Semester 2/COS326/databaseCourse2/Practical 1/Source/prac1/db/studentDatabase.odb' is opened by 26277@VivoBookMomo

[2022-08-19 20:19:52 #3 store] 
Configuration path: ?

------------------------------------------------------------------------------------------------------------------------

[2022-08-19 20:35:37 #1 store] 
Database '/home/momo/Documents/Semester 2/COS326/databaseCourse2/Practical 1/Source/prac1/db/studentDatabase.odb' is opened by 27520@VivoBookMomo

[2022-08-19 20:35:37 #2 store] 
Configuration path: ?

[2022-08-19 20:35:37 #3 type] 
Type working.Student is not enhanced.

------------------------------------------------------------------------------------------------------------------------

[2022-08-19 20:37:42 #1 store] 
Database '/home/momo/Documents/Semester 2/COS326/databaseCourse2/Practical 1/Source/prac1/db/studentDatabase.odb' has been recovered (tr. 66-66)

[2022-08-19 20:37:43 #2 store] 
Database '/home/momo/Documents/Semester 2/COS326/databaseCourse2/Practical 1/Source/prac1/db/studentDatabase.odb' is opened by 27707@VivoBookMomo

[2022-08-19 20:37:43 #3 store] 
Configuration path: ?

------------------------------------------------------------------------------------------------------------------------

[2022-08-19 20:38:55 #1 store] 
Database '/home/momo/Documents/Semester 2/COS326/databaseCourse2/Practical 1/Source/prac1/db/studentDatabase.odb' has been recovered (tr. 67-70)

[2022-08-19 20:38:55 #2 store] 
Database '/home/momo/Documents/Semester 2/COS326/databaseCourse2/Practical 1/Source/prac1/db/studentDatabase.odb' is opened by 27801@VivoBookMomo

[2022-08-19 20:38:55 #3 store] 
Configuration path: ?

------------------------------------------------------------------------------------------------------------------------

[2022-08-19 20:39:07 #1 store] 
Database '/home/momo/Documents/Semester 2/COS326/databaseCourse2/Practical 1/Source/prac1/db/studentDatabase.odb' is opened by 27870@VivoBookMomo

[2022-08-19 20:39:07 #2 store] 
Configuration path: ?

------------------------------------------------------------------------------------------------------------------------

[2022-08-19 20:42:05 #1 store] 
Database '/home/momo/Documents/Semester 2/COS326/databaseCourse2/Practical 1/Source/prac1/db/studentDatabase.odb' is opened by 28172@VivoBookMomo

[2022-08-19 20:42:05 #2 store] 
Configuration path: ?

------------------------------------------------------------------------------------------------------------------------

[2022-08-19 21:02:19 #1 store] 
Database '/home/momo/Documents/Semester 2/COS326/databaseCourse2/Practical 1/Source/prac1/db/studentDatabase.odb' is opened by 29394@VivoBookMomo

[2022-08-19 21:02:19 #2 store] 
Configuration path: ?

[2022-08-19 21:02:19 #3 type] 
Type working.Student is not enhanced.

------------------------------------------------------------------------------------------------------------------------

[2022-08-19 21:03:15 #1 store] 
Database '/home/momo/Documents/Semester 2/COS326/databaseCourse2/Practical 1/Source/prac1/db/studentDatabase.odb' is opened by 29479@VivoBookMomo

[2022-08-19 21:03:15 #2 store] 
Configuration path: ?

------------------------------------------------------------------------------------------------------------------------

[2022-08-19 21:05:42 #1 store] 
Database '/home/momo/Documents/Semester 2/COS326/databaseCourse2/Practical 1/Source/prac1/db/studentDatabase.odb' has been recovered (tr. 73-74)

[2022-08-19 21:05:42 #2 store] 
Database '/home/momo/Documents/Semester 2/COS326/databaseCourse2/Practical 1/Source/prac1/db/studentDatabase.odb' is opened by 29793@VivoBookMomo

[2022-08-19 21:05:42 #3 store] 
Configuration path: ?

------------------------------------------------------------------------------------------------------------------------

[2022-08-19 21:06:20 #1 store] 
Database '/home/momo/Documents/Semester 2/COS326/databaseCourse2/Practical 1/Source/prac1/db/studentDatabase.odb' is opened by 29872@VivoBookMomo

[2022-08-19 21:06:20 #2 store] 
Configuration path: ?

------------------------------------------------------------------------------------------------------------------------

[2022-08-19 21:07:45 #1 store] 
Database '/home/momo/Documents/Semester 2/COS326/databaseCourse2/Practical 1/Source/prac1/db/studentDatabase.odb' has been recovered (tr. 75-79)

[2022-08-19 21:07:45 #2 store] 
Database '/home/momo/Documents/Semester 2/COS326/databaseCourse2/Practical 1/Source/prac1/db/studentDatabase.odb' is opened by 29963@VivoBookMomo

[2022-08-19 21:07:45 #3 store] 
Configuration path: ?

